app/build/intermediates/manifest_merge_blame_file/debug/manifest-merger-blame-debug-report.txt
1<?xml version="1.0" encoding="utf-8"?>
2<manifest xmlns:android="http://schemas.android.com/apk/res/android"
3    package="com.accu_chek.solo_m.rcapp.application.reminder"
4    android:versionCode="1"
5    android:versionName="00.32" >
6
7    <uses-sdk
7-->src/main/AndroidManifest.xml:6:5-8:41
8        android:minSdkVersion="17"
8-->src/main/AndroidManifest.xml:7:9-35
9        android:targetSdkVersion="21" />
9-->src/main/AndroidManifest.xml:8:9-38
10
11    <uses-permission android:name="android.permission.SYSTEM_ALERT_WINDOW" />
11-->src/main/AndroidManifest.xml:10:5-78
11-->src/main/AndroidManifest.xml:10:22-75
12    <uses-permission android:name="com.accu_check.solo_m.rcapp.db.Read" />
12-->src/main/AndroidManifest.xml:11:5-75
12-->src/main/AndroidManifest.xml:11:22-72
13    <uses-permission android:name="com.accu_check.solo_m.rcapp.db.Write" />
13-->src/main/AndroidManifest.xml:12:5-76
13-->src/main/AndroidManifest.xml:12:22-73
14    <uses-permission android:name="android.permission.RECEIVE_BOOT_COMPLETED" />
14-->src/main/AndroidManifest.xml:13:5-80
14-->src/main/AndroidManifest.xml:13:22-78
15
16    <application
16-->src/main/AndroidManifest.xml:15:5-38:19
17        android:name="com.accu_chek.solo_m.rcapp.application.reminder.ReminderApplication"
17-->src/main/AndroidManifest.xml:19:41-75
18        android:allowBackup="true"
18-->src/main/AndroidManifest.xml:16:9-35
19        android:debuggable="true"
20        android:icon="@drawable/ic_launcher"
20-->src/main/AndroidManifest.xml:17:9-45
21        android:label="@string/app_name"
21-->src/main/AndroidManifest.xml:18:9-41
22        android:theme="@style/AppTheme" >
22-->src/main/AndroidManifest.xml:19:9-40
23        <service
23-->src/main/AndroidManifest.xml:21:9-27:19
24            android:name="com.accu_chek.solo_m.rcapp.application.reminder.ReminderService"
24-->src/main/AndroidManifest.xml:22:13-43
25            android:exported="true" >
25-->src/main/AndroidManifest.xml:23:13-36
26            <intent-filter>
26-->src/main/AndroidManifest.xml:24:13-26:29
27                <action android:name="com.accu_chek.solo_m.rcapp.application.reminder" />
27-->src/main/AndroidManifest.xml:25:17-89
27-->src/main/AndroidManifest.xml:25:25-87
28            </intent-filter>
29        </service>
30
31        <receiver android:name="com.accu_chek.solo_m.rcapp.application.reminder.ReminderReceiver" >
31-->src/main/AndroidManifest.xml:29:9-36:20
31-->src/main/AndroidManifest.xml:29:19-98
32            <intent-filter>
32-->src/main/AndroidManifest.xml:30:13-35:29
33                <action android:name="android.intent.action.BOOT_COMPLETED" />
33-->src/main/AndroidManifest.xml:31:17-78
33-->src/main/AndroidManifest.xml:31:25-76
34                <action android:name="alarm_action" />
34-->src/main/AndroidManifest.xml:32:17-54
34-->src/main/AndroidManifest.xml:32:25-52
35                <action android:name="com.accu_chek.solo_m.rcapp.presentation.setting.mdi.on" />
35-->src/main/AndroidManifest.xml:33:17-96
35-->src/main/AndroidManifest.xml:33:25-94
36                <action android:name="com.accu_chek.solo_m.rcapp.presentation.setting.micropump.on" />
36-->src/main/AndroidManifest.xml:34:17-102
36-->src/main/AndroidManifest.xml:34:25-100
37            </intent-filter>
38        </receiver>
39    </application>
40
41</manifest>